05/06/2023 05:07:43 PM: INFO: *******************Test_001_HomePage*****************
05/06/2023 05:07:43 PM: INFO: ******************Verifying HomePage*****************
05/06/2023 05:07:49 PM: INFO: ********************Test_002_Login******************
05/06/2023 05:07:49 PM: INFO: *****************Verifying Login test***************
05/06/2023 05:07:54 PM: INFO: *****************Test_004_FormSubmit*****************
05/06/2023 05:07:54 PM: INFO: ****************Verifying FormSubmit*****************
05/06/2023 05:08:00 PM: INFO: ***************Test_006_Approval_LVL1***************
05/06/2023 05:08:00 PM: INFO: ************Verifying Approval_LVL1 test************
05/06/2023 05:08:06 PM: INFO: ***************Test_007_Approval_LVL2***************
05/06/2023 05:08:06 PM: INFO: ************Verifying Approval_LVL2 test************
05/06/2023 05:08:11 PM: INFO: ***************Test_008_Approval_LVL3***************
05/06/2023 05:08:11 PM: INFO: ***********Verifying Approval_LVL3 test*************
05/06/2023 05:08:17 PM: INFO: ***************Test_009_FormApprvdCmnts**************
05/06/2023 05:08:17 PM: INFO: **********Verifying FormApprvdCmnts test*************
05/06/2023 05:09:17 PM: INFO: *******************Test_001_HomePage*****************
05/06/2023 05:09:17 PM: INFO: ******************Verifying HomePage*****************
05/06/2023 05:09:23 PM: INFO: ********************Test_002_Login******************
05/06/2023 05:09:23 PM: INFO: *****************Verifying Login test***************
05/06/2023 05:09:29 PM: INFO: *****************Test_004_FormSubmit*****************
05/06/2023 05:09:29 PM: INFO: ****************Verifying FormSubmit*****************
05/06/2023 05:09:34 PM: INFO: ***************Test_006_Approval_LVL1***************
05/06/2023 05:09:34 PM: INFO: ************Verifying Approval_LVL1 test************
05/06/2023 05:09:40 PM: INFO: ***************Test_007_Approval_LVL2***************
05/06/2023 05:09:40 PM: INFO: ************Verifying Approval_LVL2 test************
05/06/2023 05:09:46 PM: INFO: ***************Test_008_Approval_LVL3***************
05/06/2023 05:09:46 PM: INFO: ***********Verifying Approval_LVL3 test*************
05/06/2023 05:09:53 PM: INFO: ***************Test_009_FormApprvdCmnts**************
05/06/2023 05:09:53 PM: INFO: **********Verifying FormApprvdCmnts test*************
